2024-07-30 18:15:47,843 MyCategory [INFO] [/home/ario/Projects_git/search_engine/src/Key/DictProducer.cc:storeOnDisk:153] 词典库保存完成，大小：58354
2024-07-30 18:15:47,908 MyCategory [INFO] [/home/ario/Projects_git/search_engine/src/Key/DictProducer.cc:storeOnDisk:171] 词典索引库保存完成，大小：3111
2024-07-30 18:16:42,434 MyCategory [INFO] [/home/ario/Projects_git/search_engine/src/Web/PageLibPreprocessor.cc:storeOnDisk:110] 网页库保存完成，大小: 4109
2024-07-30 18:16:42,436 MyCategory [INFO] [/home/ario/Projects_git/search_engine/src/Web/PageLibPreprocessor.cc:storeOnDisk:124] 网页偏移库保存完成，大小: 4109
2024-07-30 18:16:43,099 MyCategory [INFO] [/home/ario/Projects_git/search_engine/src/Web/PageLibPreprocessor.cc:storeOnDisk:144] 倒排索引库保存完成，大小: 94377
2024-07-30 18:16:43,665 MyCategory [INFO] [/home/ario/Projects_git/search_engine/src/Key/KeyRecommander.cc:loadLibray:238] 加载词频库成功，大小: 58354
2024-07-30 18:16:43,902 MyCategory [INFO] [/home/ario/Projects_git/search_engine/src/Key/KeyRecommander.cc:loadLibray:256] 加载词典索引库成功，大小: 3111
2024-07-30 18:16:43,907 MyCategory [INFO] [/home/ario/Projects_git/search_engine/src/Web/WebPageQuery.cc:loadLibray:282] 加载网页偏移库成功，大小 4109：
2024-07-30 18:16:44,831 MyCategory [INFO] [/home/ario/Projects_git/search_engine/src/Web/WebPageQuery.cc:loadLibray:306] 加载倒排索引库成功，大小 : 94377
2024-07-30 18:16:44,831 MyCategory [INFO] [/home/ario/Projects_git/search_engine/include/SearchEngine.h:SearchEngine:21] SearchEngine Start on IP: 192.168.25.131 Port: 8888
2024-07-30 18:35:57,258 MyCategory [INFO] [/home/ario/Projects_git/search_engine/src/Key/DictProducer.cc:storeOnDisk:153] 词典库保存完成，大小：58354
2024-07-30 18:35:57,331 MyCategory [INFO] [/home/ario/Projects_git/search_engine/src/Key/DictProducer.cc:storeOnDisk:171] 词典索引库保存完成，大小：3111
2024-07-30 18:36:46,064 MyCategory [INFO] [/home/ario/Projects_git/search_engine/src/Web/PageLibPreprocessor.cc:storeOnDisk:110] 网页库保存完成，大小: 4109
2024-07-30 18:36:46,066 MyCategory [INFO] [/home/ario/Projects_git/search_engine/src/Web/PageLibPreprocessor.cc:storeOnDisk:124] 网页偏移库保存完成，大小: 4109
2024-07-30 18:36:46,648 MyCategory [INFO] [/home/ario/Projects_git/search_engine/src/Web/PageLibPreprocessor.cc:storeOnDisk:144] 倒排索引库保存完成，大小: 94377
2024-07-30 18:36:47,091 MyCategory [INFO] [/home/ario/Projects_git/search_engine/src/Key/KeyRecommander.cc:loadLibray:236] 加载词频库成功，大小: 58354
2024-07-30 18:36:47,309 MyCategory [INFO] [/home/ario/Projects_git/search_engine/src/Key/KeyRecommander.cc:loadLibray:254] 加载词典索引库成功，大小: 3111
2024-07-30 18:36:47,312 MyCategory [INFO] [/home/ario/Projects_git/search_engine/src/Web/WebPageQuery.cc:loadLibray:283] 加载网页偏移库成功，大小 4109：
2024-07-30 18:36:48,124 MyCategory [INFO] [/home/ario/Projects_git/search_engine/src/Web/WebPageQuery.cc:loadLibray:307] 加载倒排索引库成功，大小 : 94377
2024-07-30 18:36:48,135 MyCategory [INFO] [/home/ario/Projects_git/search_engine/include/SearchEngine.h:SearchEngine:21] SearchEngine Start on IP: 192.168.25.131 Port: 8888
2024-07-30 18:37:18,593 MyCategory [INFO] [/home/ario/Projects_git/search_engine/src/Web/WebPageQuery.cc:createRetJsonStr:249] 匹配到结果：{"code":0,"data":[{"desc":"华为Mate40系列影像能力全面进化，搭载全新超感知徕卡电影影像系统，配合业界先进的核心算法、丰富而超前的创新功能，不仅以华为迄今最强的视频能力树立顶级视频影像新标准，并再度夯实华为Mate系列影像王者地位，开启全能移动影像时代。","docId":2128,"title":"华为Mate40系列国内发布 售价4999元起","url":"http://tc.people.com.cn/n1/2020/1102/c183008-31915498.html"},{"desc":" 日前，为针对性解决“孩子冒用家长身份信息绕过监管”的问题，包括《王者荣耀》《和平精英》在内的100多款移动游戏产品开启“人脸识别”模式，登录环节拒绝或未通过验证的用户，平时只能玩1.5小时/天，也无法继续充值。","docId":2230,"title":"网游平台要拿出防沉迷实招","url":"http://game.people.com.cn/n1/2020/1225/c40130-31978735.html"},{"desc":"         中国队在第18届亚运会《王者荣耀国际版（AOV）》中夺得冠军 新华社记者张金加摄      最近，复旦大学文科资深教授葛剑雄多了一个身份：网络游戏《王者荣耀》新版本“三分之地”的学术顾问。“《王者荣耀》是以东方文化为基底的游戏，我们想和学界合作，给到团队宏观的、关于传统文化内核的指导。”  对于游戏团队而言，这次合作则是一次“破茧重生”：“今年是《王者荣耀》第5年，玩家们除了在峡谷里对战以外，希望有更丰富的区域呈现、更个性的英雄人设，更精彩的动画故事，所以需要更深厚的文化基础来滋养。”王者荣耀IP总监张羽莎说。","docId":2288,"title":"游戏成新型跨文化传播平台","url":"http://game.people.com.cn/n1/2020/0717/c40130-31787505.html"},{"desc":"    2020-2021赛季CBA联赛第35轮：山东王者113：84胜山西猛龙，山东外援哈德森怒吼。    2020-2021赛季CBA联赛第39轮：广东宏远131：112胜山东王者，广东队徐杰崴脚受伤。","docId":3572,"title":"金台球探：CBA第二阶段收官 “不负所爱”让精彩继续","url":"http://sports.people.com.cn/cba/n1/2021/0209/c22150-32027295.html"},{"desc":"    来源：《中国餐饮大数据2020》  《2019年餐饮夜间消费与夜宵品类发展报告》也显示，“熬最晚的夜，吃最香的火锅”已然成为夜宵经济中的王者。","docId":3235,"title":"川菜：关于我“70%都不辣”的那些事","url":"http://yuqing.people.com.cn/n1/2021/0219/c209043-32032049.html"}],"keywords":["王者"]}
